<?xml version="1.0" encoding="UTF-8"?>
<!-- Generated by org.testng.reporters.JUnitXMLReporter -->
<testsuite ignored="0" hostname="DESKTOP-6KC2DDV" failures="0" tests="4" name="Test" time="43.999" errors="0" timestamp="2021-12-20T19:18:10 IST">
  <testcase classname="Acedemy.HomePage" name="basepageNavigation" time="13.519"/>
  <testcase classname="Acedemy.HomePage" name="basepageNavigation" time="11.076"/>
  <testcase classname="Acedemy.validateNavigationBar" name="NavigationBar" time="0.09"/>
  <testcase classname="Acedemy.validateTitle" name="validationTitle" time="0.368"/>
</testsuite> <!-- Test -->
