<?xml version="1.0" encoding="UTF-8"?>
<!-- Generated by org.testng.reporters.JUnitXMLReporter -->
<testsuite ignored="0" hostname="DESKTOP-6KC2DDV" failures="0" tests="1" name="Validating Navigation Bar" time="0.277" errors="0" timestamp="2021-12-24T13:01:42 IST">
  <testcase classname="Acedemy.validateTitle" name="@BeforeTest initialize" time="0.018">
    <failure type="java.lang.NullPointerException" message="Cannot invoke &amp;quot;String.equals(Object)&amp;quot; because &amp;quot;browserName&amp;quot; is null">
      <![CDATA[java.lang.NullPointerException: Cannot invoke "String.equals(Object)" because "browserName" is null
at resources.base.initializeDriver(base.java:31)
at Acedemy.validateTitle.initialize(validateTitle.java:22)
at java.base/java.util.concurrent.FutureTask.run(FutureTask.java:264)
at java.base/java.util.concurrent.ThreadPoolExecutor.runWorker(ThreadPoolExecutor.java:1136)
at java.base/java.util.concurrent.ThreadPoolExecutor$Worker.run(ThreadPoolExecutor.java:635)
at java.base/java.lang.Thread.run(Thread.java:833)
... Removed 15 stack frames]]>
    </failure>
  </testcase> <!-- @BeforeTest initialize -->
  <testcase classname="Acedemy.validateNavigationBar" name="@BeforeTest initialize" time="0.018">
    <failure type="java.lang.NullPointerException" message="Cannot invoke &amp;quot;String.equals(Object)&amp;quot; because &amp;quot;browserName&amp;quot; is null">
      <![CDATA[java.lang.NullPointerException: Cannot invoke "String.equals(Object)" because "browserName" is null
at resources.base.initializeDriver(base.java:31)
at Acedemy.validateNavigationBar.initialize(validateNavigationBar.java:21)
at java.base/java.util.concurrent.FutureTask.run(FutureTask.java:264)
at java.base/java.util.concurrent.ThreadPoolExecutor.runWorker(ThreadPoolExecutor.java:1136)
at java.base/java.util.concurrent.ThreadPoolExecutor$Worker.run(ThreadPoolExecutor.java:635)
at java.base/java.lang.Thread.run(Thread.java:833)
... Removed 15 stack frames]]>
    </failure>
  </testcase> <!-- @BeforeTest initialize -->
  <testcase classname="Acedemy.validateTitle" name="@AfterTest teardown" time="-1.640331102303E9">
    <skipped/>
  </testcase> <!-- @AfterTest teardown -->
  <testcase classname="Acedemy.validateNavigationBar" name="@AfterTest teardown" time="-1.640331102336E9">
    <skipped/>
  </testcase> <!-- @AfterTest teardown -->
  <testcase classname="Acedemy.validateNavigationBar" name="NavigationBar" time="0.016">
    <skipped/>
  </testcase> <!-- NavigationBar -->
</testsuite> <!-- Validating Navigation Bar -->
